{"C:\\laragon\\www\\sistem-maklumat-pelajar-kakitangan\\tests\\validation.js": {"path":"C:\\laragon\\www\\sistem-maklumat-pelajar-kakitangan\\tests\\validation.js","statementMap":{"0":{"start":{"line":2,"column":4},"end":{"line":2,"column":31}}},"fnMap":{"0":{"name":"validateEmail","decl":{"start":{"line":1,"column":16},"end":{"line":1,"column":29}},"loc":{"start":{"line":1,"column":37},"end":{"line":3,"column":null}},"line":1}},"branchMap":{},"s":{"0":2},"f":{"0":2},"b":{},"meta":{"lastBranch":0,"lastFunction":1,"lastStatement":1,"seen":{"f:1:16:1:29":0,"s:2:4:2:31":0},"fnNames":{}}}
}
